<?xml version="1.0" encoding="UTF-8"?>
<!-- Generated by org.testng.reporters.JUnitReportReporter -->
<testsuite hostname="DESKTOP-TCC86SQ" failures="0" tests="1" name="MyTestCases" time="0.494" errors="0" timestamp="2024-02-29T12:08:01 TRT" skipped="0">
  <testcase classname="MyTestCases" name="Login" time="0.494"/>
  <system-out/>
</testsuite> <!-- MyTestCases -->
